<?xml version="1.0" encoding="UTF-8"?>
<!-- Generated by org.testng.reporters.JUnitXMLReporter -->
<testsuite ignored="0" hostname="Tharunikaaaaa" failures="0" tests="7" name="Test" time="56.085" errors="0" timestamp="2025-04-01T21:10:03 IST">
  <testcase classname="test.TC_002LoginTest" name="loginTest" time="0.569"/>
  <testcase classname="test.TC_001SignupTest" name="SignupTest" time="4.53"/>
  <testcase classname="test.TC_003LogoutTest" name="logoutTest" time="2.227"/>
  <testcase classname="test.TC_004Addnewcontact" name="AddContactTest" time="6.451"/>
  <testcase classname="test.TC_005ContactdetailsTest" name="Contactdetailsreturn" time="5.09"/>
  <testcase classname="test.TC_006Contactdetailsreturn" name="ContactdetailsTest" time="5.026"/>
  <testcase classname="test.TC_007Contactdetailsdeletetest" name="ContactdetailsTest" time="4.255"/>
</testsuite> <!-- Test -->
